SF:src/Dmrg.jl
LH:0
LF:0
end_of_record
SF:src/construct_mpo.jl
DA:17,18
DA:18,50
DA:20,46
DA:21,16
DA:24,0
DA:25,0
DA:26,0
DA:28,0
DA:29,0
DA:36,9
DA:40,7
DA:41,7
DA:42,0
DA:43,0
DA:45,0
DA:51,0
DA:54,0
DA:56,0
DA:59,0
DA:62,0
DA:64,0
DA:67,0
DA:69,0
DA:84,0
DA:89,0
DA:91,0
DA:92,0
DA:94,0
DA:95,0
DA:96,0
DA:97,0
DA:98,0
DA:99,0
DA:101,0
DA:113,0
DA:114,0
DA:116,0
DA:117,0
DA:120,0
DA:121,0
DA:122,0
DA:123,0
DA:126,0
DA:127,0
DA:130,0
DA:131,0
DA:132,0
DA:133,0
DA:134,0
DA:135,0
DA:136,0
DA:139,0
DA:140,0
DA:141,0
DA:142,0
DA:143,0
DA:144,0
DA:145,0
DA:147,0
DA:148,0
DA:149,0
DA:150,0
DA:151,0
DA:152,0
DA:155,0
DA:156,0
DA:157,0
DA:158,0
DA:159,0
DA:160,0
DA:161,0
DA:163,0
DA:196,18
DA:201,9
DA:202,9
DA:205,7
DA:206,8
DA:208,6
DA:209,6
DA:210,20
DA:211,34
DA:213,6
DA:227,18
DA:232,9
DA:234,8
DA:235,7
DA:237,7
DA:238,8
DA:241,6
DA:244,6
DA:247,6
DA:248,6
DA:249,24
DA:250,24
DA:251,30
DA:254,6
DA:255,8
DA:256,8
DA:257,32
DA:258,32
DA:259,32
DA:260,40
DA:261,12
DA:264,6
DA:265,6
DA:266,24
DA:267,24
DA:268,30
DA:270,6
LH:44
LF:109
end_of_record
